mode: count
fmt/format.go:54.28,56.2 1 13914
fmt/format.go:58.33,61.2 2 6072
fmt/format.go:64.35,65.12 1 7193
fmt/format.go:68.2,72.23 4 7169
fmt/format.go:77.2,78.12 2 7169
fmt/format.go:82.2,83.25 2 7169
fmt/format.go:86.2,86.23 1 7169
fmt/format.go:65.12,67.3 1 24
fmt/format.go:72.23,75.3 2 0
fmt/format.go:78.12,80.3 1 1784
fmt/format.go:83.25,85.3 1 38500
fmt/format.go:90.29,91.33 1 7924
fmt/format.go:95.2,96.14 2 5511
fmt/format.go:91.33,94.3 2 2425
fmt/format.go:96.14,100.3 2 5442
fmt/format.go:100.3,104.3 2 69
fmt/format.go:108.35,109.33 1 201
fmt/format.go:113.2,114.14 2 18
fmt/format.go:109.33,112.3 2 185
fmt/format.go:114.14,118.3 2 12
fmt/format.go:118.3,122.3 2 6
fmt/format.go:126.35,127.7 1 7
fmt/format.go:127.7,129.3 1 4
fmt/format.go:129.3,131.3 1 3
fmt/format.go:135.37,142.33 3 20
fmt/format.go:152.2,155.62 2 20
fmt/format.go:166.2,166.14 1 20
fmt/format.go:172.2,176.15 4 20
fmt/format.go:182.2,190.18 8 20
fmt/format.go:142.33,146.23 3 6
fmt/format.go:146.23,148.4 1 2
fmt/format.go:155.62,164.3 8 9
fmt/format.go:166.14,171.3 4 51
fmt/format.go:176.15,180.3 3 159
fmt/format.go:194.77,196.14 2 2286
fmt/format.go:200.2,203.35 2 2292
fmt/format.go:215.2,216.19 2 2298
fmt/format.go:236.2,239.14 2 2299
fmt/format.go:268.2,270.33 3 2305
fmt/format.go:276.2,276.13 1 2311
fmt/format.go:292.2,292.14 1 2317
fmt/format.go:305.2,308.18 4 2323
fmt/format.go:196.14,198.3 1 18
fmt/format.go:203.35,206.23 2 85
fmt/format.go:206.23,209.4 1 7
fmt/format.go:216.19,219.26 2 27
fmt/format.go:219.26,225.4 5 5
fmt/format.go:226.3,226.35 1 2337
fmt/format.go:226.35,228.36 2 20
fmt/format.go:228.36,230.4 1 2
fmt/format.go:240.2,241.15 1 2261
fmt/format.go:247.2,248.15 1 88
fmt/format.go:253.2,254.14 1 18
fmt/format.go:259.2,260.14 1 10
fmt/format.go:265.2,266.43 1 0
fmt/format.go:241.15,246.4 4 3609
fmt/format.go:248.15,252.4 3 215
fmt/format.go:254.14,258.4 3 62
fmt/format.go:260.14,264.4 3 202
fmt/format.go:270.33,273.3 2 602
fmt/format.go:276.13,277.15 1 87
fmt/format.go:278.3,279.21 1 8
fmt/format.go:283.3,288.16 4 73
fmt/format.go:279.21,282.5 2 7
fmt/format.go:292.14,295.3 2 18
fmt/format.go:295.3,295.19 1 2449
fmt/format.go:295.19,298.3 2 10
fmt/format.go:298.3,298.20 1 2451
fmt/format.go:298.20,301.3 2 14
fmt/format.go:312.41,313.19 1 306
fmt/format.go:322.2,322.10 1 292
fmt/format.go:313.19,315.20 2 17
fmt/format.go:315.20,317.13 2 71
fmt/format.go:317.13,319.5 1 15
fmt/format.go:326.31,329.2 2 230
fmt/format.go:332.58,334.14 2 98
fmt/format.go:339.2,339.38 1 98
fmt/format.go:343.2,344.15 2 98
fmt/format.go:363.2,363.47 1 78
fmt/format.go:367.2,368.13 2 78
fmt/format.go:372.2,373.30 2 78
fmt/format.go:390.2,392.46 2 78
fmt/format.go:334.14,337.3 1 47
fmt/format.go:339.38,341.3 1 4
fmt/format.go:344.15,345.14 1 78
fmt/format.go:345.14,347.15 1 31
fmt/format.go:351.4,351.23 1 31
fmt/format.go:347.15,349.5 1 15
fmt/format.go:352.4,352.21 1 47
fmt/format.go:352.21,355.4 1 15
fmt/format.go:356.3,357.19 1 20
fmt/format.go:360.3,360.9 1 20
fmt/format.go:357.19,359.4 1 12
fmt/format.go:363.47,365.3 1 32
fmt/format.go:368.13,371.3 1 30
fmt/format.go:373.30,374.23 1 193
fmt/format.go:382.3,382.15 1 193
fmt/format.go:388.3,388.49 1 193
fmt/format.go:374.23,377.15 2 31
fmt/format.go:377.15,380.5 1 17
fmt/format.go:382.15,384.4 1 105
fmt/format.go:384.4,386.4 1 88
fmt/format.go:392.46,394.3 1 8
fmt/format.go:398.40,400.2 1 47
fmt/format.go:403.47,405.2 1 51
fmt/format.go:410.31,412.40 2 81
fmt/format.go:416.2,417.12 2 68
fmt/format.go:412.40,415.3 2 13
fmt/format.go:417.12,419.3 1 14
fmt/format.go:419.3,421.3 1 54
fmt/format.go:426.31,428.22 2 26
fmt/format.go:431.2,433.16 3 26
fmt/format.go:428.22,430.3 1 4
fmt/format.go:438.32,440.22 2 29
fmt/format.go:443.2,444.12 2 29
fmt/format.go:440.22,442.3 1 0
fmt/format.go:444.12,446.3 1 12
fmt/format.go:446.3,448.3 1 17
fmt/format.go:453.67,455.19 1 7245
fmt/format.go:459.2,460.36 2 7245
fmt/format.go:467.2,467.41 1 7245
fmt/format.go:472.2,472.36 1 7245
fmt/format.go:484.2,484.29 1 3738
fmt/format.go:497.2,497.16 1 438
fmt/format.go:455.19,457.3 1 7107
fmt/format.go:460.36,462.3 1 3545
fmt/format.go:462.3,464.3 1 3700
fmt/format.go:467.41,469.3 1 589
fmt/format.go:472.36,476.43 3 3507
fmt/format.go:479.3,481.9 3 3507
fmt/format.go:476.43,478.4 1 151
fmt/format.go:484.29,487.49 1 3300
fmt/format.go:493.3,494.9 2 1693
fmt/format.go:487.49,492.4 4 1607
fmt/print.go:77.34,79.2 1 10345
fmt/print.go:81.40,83.2 1 8661
fmt/print.go:85.36,87.2 1 4123
fmt/print.go:89.37,90.23 1 7614
fmt/print.go:95.2,97.29 3 26
fmt/print.go:100.2,101.15 2 26
fmt/print.go:90.23,93.3 2 7588
fmt/print.go:97.29,99.3 1 0
fmt/print.go:128.26,128.44 1 2
fmt/print.go:132.23,138.2 5 6214
fmt/print.go:141.21,146.2 4 6215
fmt/print.go:148.41,148.79 1 60
fmt/print.go:150.46,150.86 1 60
fmt/print.go:152.31,153.11 1 7680
fmt/print.go:165.2,165.14 1 7380
fmt/print.go:154.2,155.21 1 60
fmt/print.go:156.2,157.35 1 60
fmt/print.go:158.2,159.37 1 60
fmt/print.go:160.2,161.21 1 60
fmt/print.go:162.2,163.20 1 60
fmt/print.go:170.51,173.2 2 76
fmt/print.go:179.79,185.2 5 1763
fmt/print.go:189.65,191.2 1 0
fmt/print.go:194.54,200.2 5 4438
fmt/print.go:204.52,206.2 1 0
fmt/print.go:213.63,219.2 5 10
fmt/print.go:224.49,226.2 1 0
fmt/print.go:230.38,236.2 5 11
fmt/print.go:245.65,251.2 5 1
fmt/print.go:256.51,258.2 1 1
fmt/print.go:262.40,268.2 5 3
fmt/print.go:273.53,275.53 2 46
fmt/print.go:278.2,278.12 1 46
fmt/print.go:275.53,277.3 1 3
fmt/print.go:283.27,286.2 2 16309
fmt/print.go:289.73,290.18 1 12233
fmt/print.go:293.2,293.75 1 11256
fmt/print.go:300.2,300.8 1 11251
fmt/print.go:290.18,292.3 1 977
fmt/print.go:293.75,294.20 1 16277
fmt/print.go:297.3,298.15 2 16272
fmt/print.go:294.20,296.4 1 5
fmt/print.go:303.43,304.18 1 0
fmt/print.go:308.2,310.22 3 0
fmt/print.go:304.18,307.3 2 0
fmt/print.go:313.33,318.9 5 41
fmt/print.go:330.2,331.20 2 41
fmt/print.go:319.2,322.25 3 16
fmt/print.go:323.2,326.32 3 17
fmt/print.go:327.2,328.36 1 8
fmt/print.go:334.41,335.14 1 8
fmt/print.go:336.2,337.23 1 7
fmt/print.go:338.2,339.18 1 1
fmt/print.go:345.48,350.2 4 67
fmt/print.go:353.61,354.14 1 3239
fmt/print.go:355.2,356.32 1 190
fmt/print.go:361.2,362.46 1 2918
fmt/print.go:363.2,364.45 1 10
fmt/print.go:365.2,366.45 1 18
fmt/print.go:367.2,368.46 1 13
fmt/print.go:369.2,370.46 1 8
fmt/print.go:371.2,372.17 1 26
fmt/print.go:373.2,374.24 1 33
fmt/print.go:379.2,380.23 1 20
fmt/print.go:381.2,382.18 1 15
fmt/print.go:356.32,358.4 1 26
fmt/print.go:358.4,360.4 1 164
fmt/print.go:374.24,376.4 1 29
fmt/print.go:376.4,378.4 1 4
fmt/print.go:388.55,389.14 1 7248
fmt/print.go:390.2,391.36 1 49
fmt/print.go:392.2,393.37 1 2364
fmt/print.go:394.2,395.36 1 3673
fmt/print.go:396.2,397.35 1 1159
fmt/print.go:398.2,399.18 1 3
fmt/print.go:406.60,409.14 1 1798
fmt/print.go:410.2,418.23 7 1796
fmt/print.go:419.2,420.18 1 2
fmt/print.go:424.45,425.14 1 475
fmt/print.go:426.2,427.19 1 95
fmt/print.go:432.2,433.17 1 272
fmt/print.go:434.2,435.27 1 38
fmt/print.go:436.2,437.27 1 9
fmt/print.go:438.2,439.17 1 61
fmt/print.go:440.2,441.18 1 2
fmt/print.go:427.19,429.4 1 12
fmt/print.go:429.4,431.4 1 83
fmt/print.go:445.63,446.14 1 88
fmt/print.go:447.2,448.19 1 20
fmt/print.go:472.2,473.25 1 7
fmt/print.go:474.2,475.27 1 38
fmt/print.go:476.2,477.27 1 13
fmt/print.go:478.2,479.25 1 8
fmt/print.go:480.2,481.44 1 2
fmt/print.go:448.19,450.16 2 11
fmt/print.go:454.4,455.24 2 9
fmt/print.go:461.4,461.24 1 9
fmt/print.go:450.16,453.5 2 2
fmt/print.go:455.24,456.14 1 18
fmt/print.go:459.5,459.31 1 18
fmt/print.go:456.14,458.6 1 12
fmt/print.go:462.4,464.24 2 9
fmt/print.go:470.4,470.24 1 9
fmt/print.go:464.24,465.14 1 24
fmt/print.go:468.5,468.56 1 24
fmt/print.go:465.14,467.6 1 16
fmt/print.go:485.57,487.22 2 38
fmt/print.go:495.2,495.14 1 37
fmt/print.go:488.2,489.22 1 37
fmt/print.go:490.2,492.9 2 1
fmt/print.go:496.2,497.19 1 13
fmt/print.go:514.2,515.37 1 14
fmt/print.go:516.2,517.42 1 5
fmt/print.go:518.2,519.18 1 5
fmt/print.go:497.19,501.14 4 5
fmt/print.go:506.4,506.24 1 5
fmt/print.go:501.14,503.5 1 1
fmt/print.go:503.5,505.5 1 4
fmt/print.go:507.4,508.14 1 8
fmt/print.go:508.14,510.5 1 3
fmt/print.go:510.5,512.5 1 5
fmt/print.go:523.53,524.34 1 122
fmt/print.go:524.34,528.70 1 9
fmt/print.go:534.3,534.18 1 6
fmt/print.go:538.3,545.23 8 6
fmt/print.go:528.70,531.4 2 3
fmt/print.go:534.18,536.14 1 0
fmt/print.go:549.54,550.16 1 585
fmt/print.go:554.2,554.44 1 580
fmt/print.go:562.2,562.18 1 501
fmt/print.go:595.2,595.14 1 458
fmt/print.go:550.16,552.3 1 5
fmt/print.go:554.44,559.3 4 79
fmt/print.go:562.18,563.45 1 98
fmt/print.go:563.45,569.4 4 5
fmt/print.go:570.3,574.15 1 403
fmt/print.go:575.3,580.29 1 321
fmt/print.go:581.4,585.11 4 3
fmt/print.go:587.4,591.11 4 35
fmt/print.go:598.51,602.16 3 9784
fmt/print.go:614.2,614.14 1 9778
fmt/print.go:624.2,624.25 1 9764
fmt/print.go:602.16,603.15 1 13
fmt/print.go:609.3,609.9 1 13
fmt/print.go:604.3,605.35 1 6
fmt/print.go:606.3,607.19 1 7
fmt/print.go:615.2,617.9 2 6
fmt/print.go:618.2,620.9 2 15
fmt/print.go:625.2,626.21 1 2
fmt/print.go:627.2,628.35 1 12
fmt/print.go:629.2,630.26 1 3628
fmt/print.go:631.2,632.40 1 7
fmt/print.go:633.2,634.29 1 1781
fmt/print.go:635.2,636.40 1 1793
fmt/print.go:637.2,638.40 1 2
fmt/print.go:639.2,640.40 1 2
fmt/print.go:641.2,642.40 1 62
fmt/print.go:643.2,644.40 1 297
fmt/print.go:645.2,646.42 1 8
fmt/print.go:647.2,648.42 1 2
fmt/print.go:649.2,650.42 1 590
fmt/print.go:651.2,652.42 1 890
fmt/print.go:653.2,654.34 1 9
fmt/print.go:655.2,656.42 1 1
fmt/print.go:657.2,658.23 1 470
fmt/print.go:659.2,660.32 1 73
fmt/print.go:661.2,662.27 1 9
fmt/print.go:663.2,665.29 1 263
fmt/print.go:665.29,669.4 1 186
fmt/print.go:677.68,679.58 1 579
fmt/print.go:685.2,688.34 3 534
fmt/print.go:679.58,681.28 2 322
fmt/print.go:681.28,683.4 1 45
fmt/print.go:689.2,690.17 1 5
fmt/print.go:700.2,701.28 1 6
fmt/print.go:702.2,703.46 1 117
fmt/print.go:704.2,705.41 1 97
fmt/print.go:706.2,707.34 1 1
fmt/print.go:708.2,709.34 1 15
fmt/print.go:710.2,711.38 1 4
fmt/print.go:712.2,713.39 1 6
fmt/print.go:714.2,715.32 1 56
fmt/print.go:716.2,717.19 1 14
fmt/print.go:727.3,728.28 2 13
fmt/print.go:740.3,740.19 1 13
fmt/print.go:745.2,746.19 1 20
fmt/print.go:749.3,750.37 2 20
fmt/print.go:766.3,766.23 1 20
fmt/print.go:767.2,769.23 2 43
fmt/print.go:779.2,780.15 1 107
fmt/print.go:803.3,803.19 1 92
fmt/print.go:828.2,831.37 1 37
fmt/print.go:839.3,839.14 1 17
fmt/print.go:840.2,841.24 1 23
fmt/print.go:842.2,843.19 1 0
fmt/print.go:690.17,692.4 1 2
fmt/print.go:692.4,693.16 1 3
fmt/print.go:694.4,695.38 1 2
fmt/print.go:696.4,697.20 1 1
fmt/print.go:717.19,719.17 2 4
fmt/print.go:723.4,723.24 1 3
fmt/print.go:719.17,722.5 2 1
fmt/print.go:724.4,726.4 1 10
fmt/print.go:728.28,729.13 1 20
fmt/print.go:736.4,738.48 3 20
fmt/print.go:729.13,730.21 1 11
fmt/print.go:730.21,732.6 1 0
fmt/print.go:732.6,734.6 1 11
fmt/print.go:740.19,742.4 1 3
fmt/print.go:742.4,744.4 1 10
fmt/print.go:746.19,748.4 1 6
fmt/print.go:750.37,751.13 1 46
fmt/print.go:758.4,758.35 1 46
fmt/print.go:764.4,764.47 1 46
fmt/print.go:751.13,752.21 1 27
fmt/print.go:752.21,754.6 1 9
fmt/print.go:754.6,756.6 1 18
fmt/print.go:758.35,759.51 1 33
fmt/print.go:759.51,762.6 2 33
fmt/print.go:769.23,770.20 1 7
fmt/print.go:770.20,773.5 2 3
fmt/print.go:773.5,775.5 1 4
fmt/print.go:776.4,778.4 1 36
fmt/print.go:781.3,784.40 2 18
fmt/print.go:784.40,786.34 2 15
fmt/print.go:799.5,800.11 2 15
fmt/print.go:786.34,788.6 1 13
fmt/print.go:788.6,788.27 1 2
fmt/print.go:788.27,790.6 1 1
fmt/print.go:790.6,795.27 2 1
fmt/print.go:795.27,797.7 1 3
fmt/print.go:803.19,805.46 2 21
fmt/print.go:805.46,808.5 2 2
fmt/print.go:808.5,810.34 2 19
fmt/print.go:816.5,816.25 1 19
fmt/print.go:810.34,811.15 1 52
fmt/print.go:814.6,814.45 1 52
fmt/print.go:811.15,813.7 1 38
fmt/print.go:818.4,820.33 2 71
fmt/print.go:826.4,826.24 1 71
fmt/print.go:820.33,821.14 1 171
fmt/print.go:824.5,824.44 1 171
fmt/print.go:821.14,823.6 1 101
fmt/print.go:831.37,832.35 1 31
fmt/print.go:833.4,836.11 3 20
fmt/print.go:848.83,850.21 2 32
fmt/print.go:877.2,877.8 1 32
fmt/print.go:850.21,852.13 2 32
fmt/print.go:871.3,872.20 2 32
fmt/print.go:852.13,854.53 1 9
fmt/print.go:855.4,857.27 2 1
fmt/print.go:861.4,863.45 2 6
fmt/print.go:867.4,867.12 0 2
fmt/print.go:857.27,860.6 2 1
fmt/print.go:863.45,866.6 2 4
fmt/print.go:872.20,875.4 2 4
fmt/print.go:886.66,888.21 1 33
fmt/print.go:893.2,893.35 1 31
fmt/print.go:902.2,902.20 1 0
fmt/print.go:888.21,890.3 1 2
fmt/print.go:893.35,894.23 1 63
fmt/print.go:894.23,896.24 2 31
fmt/print.go:899.4,899.33 1 29
fmt/print.go:896.24,898.5 1 2
fmt/print.go:908.105,909.42 1 16812
fmt/print.go:912.2,914.41 3 33
fmt/print.go:917.2,918.28 2 10
fmt/print.go:909.42,911.3 1 16779
fmt/print.go:914.41,916.3 1 23
fmt/print.go:921.35,925.2 3 11
fmt/print.go:927.36,931.2 3 1
fmt/print.go:933.55,939.23 5 6451
fmt/print.go:1086.2,1086.37 1 6452
fmt/print.go:939.23,942.35 3 12903
fmt/print.go:945.3,945.16 1 12911
fmt/print.go:948.3,948.15 1 12919
fmt/print.go:954.3,959.22 3 10697
fmt/print.go:996.3,999.34 2 5694
fmt/print.go:1023.3,1023.36 1 5694
fmt/print.go:1050.3,1050.18 1 5694
fmt/print.go:1054.3,1054.15 1 5694
fmt/print.go:1059.3,1062.10 3 5684
fmt/print.go:942.35,944.4 1 10039
fmt/print.go:945.16,947.4 1 8185
fmt/print.go:948.15,950.9 1 2238
fmt/print.go:959.22,961.13 2 19080
fmt/print.go:962.4,963.23 1 149
fmt/print.go:964.4,965.30 1 2693
fmt/print.go:966.4,967.22 1 3576
fmt/print.go:968.4,970.23 2 92
fmt/print.go:971.4,972.23 1 1811
fmt/print.go:973.4,976.48 1 10801
fmt/print.go:991.5,991.23 1 5693
fmt/print.go:976.48,977.18 1 5122
fmt/print.go:985.6,988.25 4 5129
fmt/print.go:977.18,984.7 4 136
fmt/print.go:999.34,1003.25 3 21
fmt/print.go:1009.4,1009.21 1 21
fmt/print.go:1014.4,1014.22 1 21
fmt/print.go:1003.25,1005.5 1 3
fmt/print.go:1009.21,1013.5 3 2
fmt/print.go:1015.4,1017.38 2 5673
fmt/print.go:1017.38,1019.5 1 1
fmt/print.go:1023.36,1025.18 2 5439
fmt/print.go:1028.4,1029.35 2 5439
fmt/print.go:1025.18,1027.5 1 1
fmt/print.go:1029.35,1033.23 3 11
fmt/print.go:1037.5,1037.27 1 11
fmt/print.go:1040.5,1040.23 1 11
fmt/print.go:1033.23,1036.6 2 1
fmt/print.go:1037.27,1039.6 1 6
fmt/print.go:1041.5,1043.27 2 5428
fmt/print.go:1043.27,1046.6 2 12
fmt/print.go:1050.18,1052.4 1 5679
fmt/print.go:1054.15,1056.9 2 10
fmt/print.go:1063.3,1064.24 1 1
fmt/print.go:1065.3,1066.21 1 11
fmt/print.go:1067.3,1068.22 1 1
fmt/print.go:1069.3,1076.15 5 34
fmt/print.go:1077.3,1079.12 2 5671
fmt/print.go:1086.37,1089.34 3 10
fmt/print.go:1101.3,1101.23 1 10
fmt/print.go:1089.34,1090.13 1 10
fmt/print.go:1093.4,1093.18 1 10
fmt/print.go:1090.13,1092.5 1 0
fmt/print.go:1093.18,1095.5 1 1
fmt/print.go:1095.5,1099.5 3 9
fmt/print.go:1105.39,1107.29 2 21
fmt/print.go:1107.29,1110.45 2 28
fmt/print.go:1113.3,1114.24 2 28
fmt/print.go:1110.45,1112.4 1 2
fmt/print.go:1120.41,1121.29 1 4
fmt/print.go:1127.2,1127.23 1 4
fmt/print.go:1121.29,1122.17 1 10
fmt/print.go:1125.3,1125.23 1 10
fmt/print.go:1122.17,1124.4 1 6
fmt/scan.go:63.48,65.2 1 0
fmt/scan.go:69.50,71.2 1 0
fmt/scan.go:80.64,82.2 1 0
fmt/scan.go:86.58,89.12 3 829
fmt/scan.go:92.2,92.8 1 829
fmt/scan.go:89.12,91.3 1 62
fmt/scan.go:99.61,101.2 1 22
fmt/scan.go:105.63,107.2 1 7
fmt/scan.go:113.77,115.2 1 124
fmt/scan.go:121.62,126.2 4 1936
fmt/scan.go:130.64,135.2 4 298
fmt/scan.go:141.78,146.2 4 1021
fmt/scan.go:179.50,181.2 1 0
fmt/scan.go:183.55,184.38 1 3542633
fmt/scan.go:189.2,190.16 2 3542484
fmt/scan.go:198.2,198.8 1 3542484
fmt/scan.go:184.38,187.3 2 149
fmt/scan.go:190.16,192.29 2 3541577
fmt/scan.go:192.29,194.4 1 559
fmt/scan.go:195.3,195.26 1 907
fmt/scan.go:195.26,197.3 1 907
fmt/scan.go:201.41,202.25 1 0
fmt/scan.go:205.2,205.23 1 0
fmt/scan.go:202.25,204.3 1 0
fmt/scan.go:210.33,212.16 2 24675
fmt/scan.go:218.2,218.8 1 24421
fmt/scan.go:212.16,213.20 1 254
fmt/scan.go:216.3,216.15 1 0
fmt/scan.go:213.20,215.4 1 254
fmt/scan.go:224.38,226.14 2 1015
fmt/scan.go:229.2,229.8 1 1014
fmt/scan.go:226.14,228.3 1 1
fmt/scan.go:232.33,237.2 4 2256583
fmt/scan.go:239.31,240.23 1 7
fmt/scan.go:243.38,244.35 1 44
fmt/scan.go:247.79,248.15 1 30
fmt/scan.go:257.2,257.14 1 30
fmt/scan.go:260.2,262.8 3 30
fmt/scan.go:248.15,249.31 1 30
fmt/scan.go:249.31,250.35 1 0
fmt/scan.go:250.35,252.5 1 0
fmt/scan.go:252.5,253.13 1 0
fmt/scan.go:257.14,259.3 1 12
fmt/scan.go:280.27,281.16 1 1119264
fmt/scan.go:284.2,285.28 2 70688
fmt/scan.go:293.2,293.14 1 53254
fmt/scan.go:281.16,283.3 1 1048576
fmt/scan.go:285.28,286.18 1 631422
fmt/scan.go:289.3,289.19 1 614312
fmt/scan.go:286.18,288.4 1 17110
fmt/scan.go:289.19,291.4 1 324
fmt/scan.go:297.28,299.2 1 418
fmt/scan.go:304.26,306.2 1 1063
fmt/scan.go:321.51,322.19 1 3265
fmt/scan.go:328.2,329.12 2 3262
fmt/scan.go:332.2,332.26 1 3166
fmt/scan.go:322.19,327.3 4 3
fmt/scan.go:329.12,331.3 1 96
fmt/scan.go:337.62,338.21 1 6736
fmt/scan.go:344.2,345.16 2 3243
fmt/scan.go:348.2,348.30 1 3150
fmt/scan.go:355.2,356.44 2 16
fmt/scan.go:366.2,367.14 2 16
fmt/scan.go:372.2,373.8 2 16
fmt/scan.go:338.21,343.3 4 3493
fmt/scan.go:345.16,347.3 1 93
fmt/scan.go:348.30,354.3 4 3134
fmt/scan.go:356.44,358.17 2 22
fmt/scan.go:358.17,359.21 1 3
fmt/scan.go:363.4,363.10 1 0
fmt/scan.go:359.21,361.10 2 3
fmt/scan.go:367.14,370.3 2 3
fmt/scan.go:376.39,377.21 1 3768
fmt/scan.go:381.2,382.12 2 3768
fmt/scan.go:377.21,379.3 1 0
fmt/scan.go:386.26,386.44 1 801
fmt/scan.go:390.76,392.38 2 3255
fmt/scan.go:397.2,405.8 9 3255
fmt/scan.go:392.38,394.3 1 2597
fmt/scan.go:394.3,396.3 1 658
fmt/scan.go:409.30,411.19 1 3255
fmt/scan.go:416.2,416.23 1 3255
fmt/scan.go:419.2,421.15 3 3255
fmt/scan.go:411.19,414.3 2 0
fmt/scan.go:416.23,418.3 1 0
fmt/scan.go:425.44,426.6 1 3664
fmt/scan.go:426.6,428.15 2 3798
fmt/scan.go:431.3,431.32 1 3718
fmt/scan.go:434.3,434.16 1 3718
fmt/scan.go:444.3,444.18 1 3711
fmt/scan.go:428.15,430.4 1 80
fmt/scan.go:431.32,432.12 1 0
fmt/scan.go:434.16,435.21 1 7
fmt/scan.go:438.4,438.19 1 7
fmt/scan.go:441.4,442.10 2 3
fmt/scan.go:435.21,436.10 1 0
fmt/scan.go:438.19,439.13 1 4
fmt/scan.go:444.18,446.9 2 3581
fmt/scan.go:454.62,455.15 1 109
fmt/scan.go:459.2,459.6 1 109
fmt/scan.go:470.2,470.14 1 109
fmt/scan.go:455.15,457.3 1 109
fmt/scan.go:459.6,461.15 2 529
fmt/scan.go:464.3,464.12 1 488
fmt/scan.go:468.3,468.21 1 420
fmt/scan.go:461.15,462.9 1 41
fmt/scan.go:464.12,466.9 2 68
fmt/scan.go:476.38,477.22 1 14270
fmt/scan.go:482.2,482.11 1 7063
fmt/scan.go:477.22,478.13 1 64896
fmt/scan.go:478.13,480.4 1 7207
fmt/scan.go:487.51,489.14 2 12039
fmt/scan.go:492.2,492.27 1 11969
fmt/scan.go:498.2,498.24 1 4903
fmt/scan.go:501.2,501.14 1 4903
fmt/scan.go:489.14,491.3 1 70
fmt/scan.go:492.27,493.13 1 7066
fmt/scan.go:496.3,496.14 1 7066
fmt/scan.go:493.13,495.4 1 7037
fmt/scan.go:498.24,500.3 1 4903
fmt/scan.go:505.35,507.14 2 2136
fmt/scan.go:510.2,510.30 1 2136
fmt/scan.go:507.14,509.3 1 2134
fmt/scan.go:513.23,515.32 1 4632
fmt/scan.go:518.2,518.16 1 4591
fmt/scan.go:515.32,516.16 1 41
fmt/scan.go:523.37,525.2 1 12010
fmt/scan.go:528.58,529.28 1 2468
fmt/scan.go:534.2,535.14 2 4
fmt/scan.go:529.28,530.16 1 16045
fmt/scan.go:530.16,532.4 1 2464
fmt/scan.go:539.39,542.38 3 44
fmt/scan.go:546.2,546.21 1 40
fmt/scan.go:562.2,562.14 1 0
fmt/scan.go:542.38,544.3 1 0
fmt/scan.go:547.2,548.15 1 0
fmt/scan.go:549.2,550.14 1 0
fmt/scan.go:551.2,552.61 1 18
fmt/scan.go:555.3,555.14 1 18
fmt/scan.go:556.2,557.80 1 22
fmt/scan.go:560.3,560.15 1 22
fmt/scan.go:552.61,554.4 1 0
fmt/scan.go:557.80,559.4 1 0
fmt/scan.go:577.59,581.14 4 2178
fmt/scan.go:592.2,592.8 1 2174
fmt/scan.go:582.2,584.24 2 2
fmt/scan.go:585.2,587.23 2 4
fmt/scan.go:588.2,590.29 2 7
fmt/scan.go:596.64,597.17 1 2174
fmt/scan.go:603.2,603.23 1 2174
fmt/scan.go:605.2,605.22 1 2174
fmt/scan.go:597.17,599.24 2 2090
fmt/scan.go:599.24,601.4 1 0
fmt/scan.go:603.23,604.3 0 3921
fmt/scan.go:609.42,614.12 5 35
fmt/scan.go:617.2,617.10 1 31
fmt/scan.go:614.12,616.3 1 4
fmt/scan.go:623.69,624.18 1 2052
fmt/scan.go:627.2,631.18 4 84
fmt/scan.go:635.2,635.8 1 84
fmt/scan.go:624.18,626.3 1 1968
fmt/scan.go:631.18,634.3 2 25
fmt/scan.go:640.52,641.17 1 2056
fmt/scan.go:644.2,648.17 5 2024
fmt/scan.go:658.2,660.16 3 2008
fmt/scan.go:663.2,665.12 3 2008
fmt/scan.go:668.2,668.10 1 2004
fmt/scan.go:641.17,643.3 1 32
fmt/scan.go:648.17,649.55 1 1
fmt/scan.go:649.55,651.4 1 0
fmt/scan.go:652.3,654.18 2 2007
fmt/scan.go:654.18,656.4 1 1903
fmt/scan.go:660.16,662.3 1 0
fmt/scan.go:665.12,667.3 1 4
fmt/scan.go:673.54,674.17 1 173
fmt/scan.go:677.2,681.17 5 170
fmt/scan.go:688.2,690.16 3 166
fmt/scan.go:693.2,695.12 3 166
fmt/scan.go:698.2,698.10 1 164
fmt/scan.go:674.17,676.3 1 3
fmt/scan.go:681.17,682.55 1 1
fmt/scan.go:682.55,684.4 1 0
fmt/scan.go:685.3,685.24 1 165
fmt/scan.go:685.24,687.3 1 149
fmt/scan.go:690.16,692.3 1 0
fmt/scan.go:695.12,697.3 1 2
fmt/scan.go:704.34,707.56 2 166
fmt/scan.go:711.2,713.56 2 157
fmt/scan.go:717.2,717.30 1 130
fmt/scan.go:720.2,720.22 1 130
fmt/scan.go:726.2,726.24 1 130
fmt/scan.go:733.2,733.22 1 130
fmt/scan.go:707.56,709.3 1 9
fmt/scan.go:713.56,715.3 1 27
fmt/scan.go:717.30,718.3 0 127
fmt/scan.go:720.22,722.31 1 86
fmt/scan.go:722.31,723.4 0 101
fmt/scan.go:726.24,730.31 2 89
fmt/scan.go:730.31,731.4 0 115
fmt/scan.go:739.50,745.21 4 33
fmt/scan.go:749.2,751.20 3 33
fmt/scan.go:754.2,754.30 1 33
fmt/scan.go:757.2,757.30 1 33
fmt/scan.go:745.21,747.3 1 0
fmt/scan.go:751.20,753.3 1 0
fmt/scan.go:754.30,756.3 1 0
fmt/scan.go:761.54,762.38 1 165
fmt/scan.go:783.2,784.16 2 133
fmt/scan.go:787.2,787.10 1 128
fmt/scan.go:762.38,766.17 2 32
fmt/scan.go:773.3,774.17 2 32
fmt/scan.go:781.3,781.26 1 32
fmt/scan.go:766.17,768.44 1 0
fmt/scan.go:771.4,771.16 1 0
fmt/scan.go:768.44,770.5 1 0
fmt/scan.go:774.17,776.44 1 0
fmt/scan.go:779.4,779.16 1 0
fmt/scan.go:776.44,778.5 1 0
fmt/scan.go:784.16,786.3 1 5
fmt/scan.go:794.55,795.44 1 37
fmt/scan.go:798.2,803.28 6 37
fmt/scan.go:795.44,797.3 1 0
fmt/scan.go:808.52,809.40 1 113
fmt/scan.go:812.2,814.14 3 113
fmt/scan.go:822.2,822.8 1 96
fmt/scan.go:809.40,811.3 1 0
fmt/scan.go:815.2,816.25 1 6
fmt/scan.go:817.2,818.22 1 12
fmt/scan.go:819.2,820.40 1 79
fmt/scan.go:826.36,829.15 3 6
fmt/scan.go:863.2,863.11 1 0
fmt/scan.go:830.2,832.7 1 2
fmt/scan.go:839.3,839.23 1 2
fmt/scan.go:840.2,843.7 2 4
fmt/scan.go:855.3,856.17 2 4
fmt/scan.go:859.3,859.16 1 4
fmt/scan.go:860.2,861.42 1 0
fmt/scan.go:832.7,834.18 2 35
fmt/scan.go:837.4,837.22 1 33
fmt/scan.go:834.18,835.10 1 2
fmt/scan.go:843.7,846.17 3 57
fmt/scan.go:846.17,851.5 1 8
fmt/scan.go:851.5,851.23 1 49
fmt/scan.go:851.23,852.10 1 4
fmt/scan.go:856.17,858.4 1 0
fmt/scan.go:867.35,869.15 2 133
fmt/scan.go:877.2,877.18 1 8
fmt/scan.go:870.2,871.27 1 119
fmt/scan.go:872.2,873.32 1 3
fmt/scan.go:874.2,875.32 1 3
fmt/scan.go:883.42,885.18 2 74
fmt/scan.go:888.2,889.9 2 70
fmt/scan.go:893.2,894.9 2 63
fmt/scan.go:898.2,898.39 1 62
fmt/scan.go:885.18,887.3 1 4
fmt/scan.go:889.9,892.3 2 7
fmt/scan.go:894.9,897.3 2 1
fmt/scan.go:902.33,904.6 2 12
fmt/scan.go:911.2,911.21 1 11
fmt/scan.go:915.2,915.22 1 11
fmt/scan.go:904.6,906.10 2 74
fmt/scan.go:909.3,909.21 1 62
fmt/scan.go:906.10,907.9 1 11
fmt/scan.go:911.21,914.3 2 0
fmt/scan.go:928.50,932.32 3 3365
fmt/scan.go:943.2,943.25 1 2528
fmt/scan.go:932.32,934.17 2 837
fmt/scan.go:940.3,940.9 1 836
fmt/scan.go:934.17,935.21 1 1
fmt/scan.go:938.4,938.16 1 1
fmt/scan.go:935.21,937.5 1 1
fmt/scan.go:944.2,945.24 1 24
fmt/scan.go:946.2,947.42 1 12
fmt/scan.go:948.2,949.32 1 21
fmt/scan.go:950.2,951.37 1 1824
fmt/scan.go:952.2,953.32 1 55
fmt/scan.go:954.2,955.34 1 35
fmt/scan.go:956.2,957.34 1 52
fmt/scan.go:958.2,959.27 1 33
fmt/scan.go:960.2,961.39 1 53
fmt/scan.go:962.2,963.34 1 26
fmt/scan.go:964.2,965.36 1 10
fmt/scan.go:966.2,967.36 1 10
fmt/scan.go:968.2,969.28 1 9
fmt/scan.go:970.2,971.46 1 0
fmt/scan.go:974.2,975.44 1 23
fmt/scan.go:980.2,981.44 1 77
fmt/scan.go:986.2,987.29 1 68
fmt/scan.go:988.2,991.37 1 23
fmt/scan.go:992.2,995.32 3 173
fmt/scan.go:999.3,999.36 1 172
fmt/scan.go:975.44,979.4 3 23
fmt/scan.go:981.44,985.4 3 77
fmt/scan.go:995.32,998.4 2 1
fmt/scan.go:1000.3,1001.31 1 20
fmt/scan.go:1002.3,1003.46 1 57
fmt/scan.go:1004.3,1005.48 1 65
fmt/scan.go:1006.3,1007.38 1 11
fmt/scan.go:1008.3,1011.42 2 11
fmt/scan.go:1014.4,1016.34 3 11
fmt/scan.go:1019.3,1022.63 3 4
fmt/scan.go:1023.3,1024.54 1 4
fmt/scan.go:1025.3,1026.60 1 0
fmt/scan.go:1011.42,1013.5 1 0
fmt/scan.go:1016.34,1018.5 1 28
fmt/scan.go:1032.32,1033.30 1 3255
fmt/scan.go:1033.30,1034.34 1 92
fmt/scan.go:1034.34,1036.4 1 51
fmt/scan.go:1036.4,1036.55 1 41
fmt/scan.go:1036.55,1038.4 1 41
fmt/scan.go:1038.4,1039.12 1 0
fmt/scan.go:1045.68,1047.24 2 2234
fmt/scan.go:1052.2,1052.15 1 2212
fmt/scan.go:1064.2,1064.8 1 2211
fmt/scan.go:1047.24,1050.3 2 2272
fmt/scan.go:1052.15,1053.7 1 293
fmt/scan.go:1053.7,1055.29 2 310
fmt/scan.go:1058.4,1058.19 1 18
fmt/scan.go:1055.29,1056.10 1 292
fmt/scan.go:1058.19,1060.10 2 1
fmt/scan.go:1075.45,1076.22 1 1962
fmt/scan.go:1139.2,1139.8 1 5
fmt/scan.go:1076.22,1078.18 2 2821
fmt/scan.go:1090.3,1093.40 3 889
fmt/scan.go:1104.3,1104.15 1 889
fmt/scan.go:1132.3,1133.21 2 852
fmt/scan.go:1137.3,1137.9 1 847
fmt/scan.go:1078.18,1080.26 1 1935
fmt/scan.go:1084.4,1085.20 2 1931
fmt/scan.go:1088.4,1088.10 1 3
fmt/scan.go:1080.26,1082.5 1 4
fmt/scan.go:1085.20,1087.5 1 1928
fmt/scan.go:1093.40,1094.20 1 42
fmt/scan.go:1100.4,1102.49 3 42
fmt/scan.go:1094.20,1095.19 1 13
fmt/scan.go:1098.5,1098.22 1 13
fmt/scan.go:1095.19,1096.11 1 0
fmt/scan.go:1104.15,1108.21 2 37
fmt/scan.go:1111.4,1111.24 1 31
fmt/scan.go:1116.4,1116.42 1 31
fmt/scan.go:1119.4,1119.22 1 31
fmt/scan.go:1126.4,1127.18 2 19
fmt/scan.go:1130.4,1130.12 1 17
fmt/scan.go:1108.21,1110.5 1 6
fmt/scan.go:1111.24,1114.5 1 0
fmt/scan.go:1116.42,1118.5 1 24
fmt/scan.go:1119.22,1120.20 1 12
fmt/scan.go:1124.5,1124.11 1 10
fmt/scan.go:1120.20,1122.6 1 2
fmt/scan.go:1127.18,1129.5 1 2
fmt/scan.go:1133.21,1136.4 2 4
fmt/scan.go:1144.84,1148.24 3 1021
fmt/scan.go:1193.2,1193.27 1 956
fmt/scan.go:1196.2,1196.8 1 952
fmt/scan.go:1148.24,1150.12 2 1962
fmt/scan.go:1155.3,1155.23 1 1105
fmt/scan.go:1163.3,1168.18 4 1101
fmt/scan.go:1172.3,1175.15 3 1101
fmt/scan.go:1178.3,1179.46 2 1101
fmt/scan.go:1183.3,1183.29 1 1101
fmt/scan.go:1187.3,1191.23 4 1093
fmt/scan.go:1150.12,1152.12 2 848
fmt/scan.go:1155.23,1157.13 1 4
fmt/scan.go:1161.4,1161.9 1 0
fmt/scan.go:1157.13,1159.5 1 4
fmt/scan.go:1168.18,1170.4 1 1047
fmt/scan.go:1175.15,1177.4 1 1063
fmt/scan.go:1179.46,1181.4 1 54
fmt/scan.go:1183.29,1185.9 2 8
fmt/scan.go:1193.27,1195.3 1 4
